2024-12-06 16:24:03,873 - INFO - 
Processing Cat images...
2024-12-06 16:24:04,101 - INFO - Processed 100 Cat images...
2024-12-06 16:24:04,339 - INFO - Processed 200 Cat images...
2024-12-06 16:24:04,567 - INFO - Processed 300 Cat images...
2024-12-06 16:24:04,872 - INFO - Processed 400 Cat images...
2024-12-06 16:24:05,071 - INFO - Processed 500 Cat images...
2024-12-06 16:24:05,304 - INFO - Processed 600 Cat images...
2024-12-06 16:24:05,547 - INFO - Processed 700 Cat images...
2024-12-06 16:24:05,748 - INFO - Processed 800 Cat images...
2024-12-06 16:24:05,952 - INFO - Processed 900 Cat images...
2024-12-06 16:24:06,137 - INFO - Processed 1000 Cat images...
2024-12-06 16:24:06,335 - INFO - Processed 1100 Cat images...
2024-12-06 16:24:06,553 - INFO - Processed 1200 Cat images...
2024-12-06 16:24:06,769 - INFO - Processed 1300 Cat images...
2024-12-06 16:24:06,958 - INFO - Processed 1400 Cat images...
2024-12-06 16:24:07,196 - INFO - Processed 1500 Cat images...
2024-12-06 16:24:07,450 - INFO - Processed 1600 Cat images...
2024-12-06 16:24:07,674 - INFO - Processed 1700 Cat images...
2024-12-06 16:24:07,890 - INFO - Processed 1800 Cat images...
2024-12-06 16:24:08,111 - INFO - Processed 1900 Cat images...
2024-12-06 16:24:08,300 - INFO - Processed 2000 Cat images...
2024-12-06 16:24:08,657 - INFO - Processed 2100 Cat images...
2024-12-06 16:24:08,964 - INFO - Processed 2200 Cat images...
2024-12-06 16:24:09,217 - INFO - Processed 2300 Cat images...
2024-12-06 16:24:09,485 - INFO - Processed 2400 Cat images...
2024-12-06 16:24:09,742 - INFO - Processed 2500 Cat images...
2024-12-06 16:24:10,026 - INFO - Processed 2600 Cat images...
2024-12-06 16:24:10,315 - INFO - Processed 2700 Cat images...
2024-12-06 16:24:10,580 - INFO - Processed 2800 Cat images...
2024-12-06 16:24:10,841 - INFO - Processed 2900 Cat images...
2024-12-06 16:24:11,166 - INFO - Processed 3000 Cat images...
2024-12-06 16:24:11,468 - INFO - Processed 3100 Cat images...
2024-12-06 16:24:11,569 - WARNING - Skipping /home/marcello/Documentos/Sites/PetClassifier/temp_download/PetImages/Cat/Thumbs.db: Not a supported image format
2024-12-06 16:24:11,837 - INFO - Processed 3200 Cat images...
2024-12-06 16:24:11,973 - WARNING - Skipping /home/marcello/Documentos/Sites/PetClassifier/temp_download/PetImages/Cat/666.jpg: File too small (<1KB)
2024-12-06 16:24:12,099 - WARNING - Skipping /home/marcello/Documentos/Sites/PetClassifier/temp_download/PetImages/Cat/835.jpg: File too small (<1KB)
2024-12-06 16:24:12,129 - INFO - Processed 3300 Cat images...
2024-12-06 16:24:12,420 - INFO - Processed 3400 Cat images...
2024-12-06 16:24:12,748 - INFO - Processed 3500 Cat images...
2024-12-06 16:24:13,002 - INFO - Processed 3600 Cat images...
2024-12-06 16:24:13,321 - INFO - Processed 3700 Cat images...
2024-12-06 16:24:13,706 - INFO - Processed 3800 Cat images...
2024-12-06 16:24:13,983 - INFO - Processed 3900 Cat images...
2024-12-06 16:24:14,241 - INFO - Processed 4000 Cat images...
2024-12-06 16:24:14,529 - INFO - Processed 4100 Cat images...
2024-12-06 16:24:14,812 - INFO - Processed 4200 Cat images...
2024-12-06 16:24:15,091 - INFO - Processed 4300 Cat images...
2024-12-06 16:24:15,374 - INFO - Processed 4400 Cat images...
2024-12-06 16:24:15,721 - INFO - Processed 4500 Cat images...
2024-12-06 16:24:16,028 - INFO - Processed 4600 Cat images...
2024-12-06 16:24:16,290 - INFO - Processed 4700 Cat images...
2024-12-06 16:24:16,550 - INFO - Processed 4800 Cat images...
2024-12-06 16:24:16,842 - INFO - Processed 4900 Cat images...
2024-12-06 16:24:17,173 - INFO - Processed 5000 Cat images...
2024-12-06 16:24:17,414 - INFO - Processed 5100 Cat images...
2024-12-06 16:24:17,713 - INFO - Processed 5200 Cat images...
2024-12-06 16:24:17,970 - INFO - Processed 5300 Cat images...
2024-12-06 16:24:18,258 - INFO - Processed 5400 Cat images...
2024-12-06 16:24:18,530 - INFO - Processed 5500 Cat images...
2024-12-06 16:24:18,811 - INFO - Processed 5600 Cat images...
2024-12-06 16:24:19,088 - INFO - Processed 5700 Cat images...
2024-12-06 16:24:19,361 - INFO - Processed 5800 Cat images...
2024-12-06 16:24:19,567 - WARNING - Skipping /home/marcello/Documentos/Sites/PetClassifier/temp_download/PetImages/Cat/5673.jpg: File too small (<1KB)
2024-12-06 16:24:19,634 - INFO - Processed 5900 Cat images...
2024-12-06 16:24:19,908 - INFO - Processed 6000 Cat images...
2024-12-06 16:24:20,240 - INFO - Processed 6100 Cat images...
2024-12-06 16:24:20,532 - INFO - Processed 6200 Cat images...
2024-12-06 16:24:20,805 - INFO - Processed 6300 Cat images...
2024-12-06 16:24:21,075 - INFO - Processed 6400 Cat images...
2024-12-06 16:24:21,360 - INFO - Processed 6500 Cat images...
2024-12-06 16:24:21,615 - INFO - Processed 6600 Cat images...
2024-12-06 16:24:21,899 - INFO - Processed 6700 Cat images...
2024-12-06 16:24:22,155 - INFO - Processed 6800 Cat images...
2024-12-06 16:24:22,426 - INFO - Processed 6900 Cat images...
2024-12-06 16:24:22,704 - INFO - Processed 7000 Cat images...
2024-12-06 16:24:22,991 - INFO - Processed 7100 Cat images...
2024-12-06 16:24:23,256 - INFO - Processed 7200 Cat images...
2024-12-06 16:24:23,529 - INFO - Processed 7300 Cat images...
2024-12-06 16:24:23,791 - INFO - Processed 7400 Cat images...
2024-12-06 16:24:24,103 - INFO - Processed 7500 Cat images...
2024-12-06 16:24:24,368 - INFO - Processed 7600 Cat images...
2024-12-06 16:24:24,635 - INFO - Processed 7700 Cat images...
2024-12-06 16:24:24,898 - INFO - Processed 7800 Cat images...
2024-12-06 16:24:25,298 - INFO - Processed 7900 Cat images...
2024-12-06 16:24:25,714 - INFO - Processed 8000 Cat images...
2024-12-06 16:24:26,010 - INFO - Processed 8100 Cat images...
2024-12-06 16:24:26,262 - INFO - Processed 8200 Cat images...
2024-12-06 16:24:26,555 - INFO - Processed 8300 Cat images...
2024-12-06 16:24:26,872 - INFO - Processed 8400 Cat images...
2024-12-06 16:24:27,132 - INFO - Processed 8500 Cat images...
2024-12-06 16:24:27,395 - INFO - Processed 8600 Cat images...
2024-12-06 16:24:27,670 - INFO - Processed 8700 Cat images...
2024-12-06 16:24:27,933 - INFO - Processed 8800 Cat images...
2024-12-06 16:24:28,244 - INFO - Processed 8900 Cat images...
2024-12-06 16:24:28,528 - INFO - Processed 9000 Cat images...
2024-12-06 16:24:28,795 - INFO - Processed 9100 Cat images...
2024-12-06 16:24:29,087 - INFO - Processed 9200 Cat images...
2024-12-06 16:24:29,370 - INFO - Processed 9300 Cat images...
2024-12-06 16:24:29,689 - INFO - Processed 9400 Cat images...
2024-12-06 16:24:30,018 - INFO - Processed 9500 Cat images...
2024-12-06 16:24:30,300 - INFO - Processed 9600 Cat images...
2024-12-06 16:24:30,616 - INFO - Processed 9700 Cat images...
2024-12-06 16:24:30,965 - INFO - Processed 9800 Cat images...
2024-12-06 16:24:31,299 - INFO - Processed 9900 Cat images...
2024-12-06 16:24:31,571 - INFO - Processed 10000 Cat images...
2024-12-06 16:24:31,911 - INFO - Processed 10100 Cat images...
2024-12-06 16:24:32,221 - INFO - Processed 10200 Cat images...
2024-12-06 16:24:32,515 - INFO - Processed 10300 Cat images...
2024-12-06 16:24:32,779 - INFO - Processed 10400 Cat images...
2024-12-06 16:24:33,144 - INFO - Processed 10500 Cat images...
2024-12-06 16:24:33,409 - INFO - Processed 10600 Cat images...
2024-12-06 16:24:33,744 - INFO - Processed 10700 Cat images...
2024-12-06 16:24:34,046 - INFO - Processed 10800 Cat images...
2024-12-06 16:24:34,396 - INFO - Processed 10900 Cat images...
2024-12-06 16:24:34,766 - INFO - Processed 11000 Cat images...
2024-12-06 16:24:35,202 - INFO - Processed 11100 Cat images...
2024-12-06 16:24:35,516 - INFO - Processed 11200 Cat images...
2024-12-06 16:24:35,803 - INFO - Processed 11300 Cat images...
2024-12-06 16:24:36,103 - INFO - Processed 11400 Cat images...
2024-12-06 16:24:36,470 - INFO - Processed 11500 Cat images...
2024-12-06 16:24:36,788 - INFO - Processed 11600 Cat images...
2024-12-06 16:24:37,070 - INFO - Processed 11700 Cat images...
2024-12-06 16:24:37,306 - INFO - Processed 11800 Cat images...
2024-12-06 16:24:37,587 - INFO - Processed 11900 Cat images...
2024-12-06 16:24:37,868 - INFO - Processed 12000 Cat images...
2024-12-06 16:24:38,170 - INFO - Processed 12100 Cat images...
2024-12-06 16:24:38,434 - INFO - Processed 12200 Cat images...
2024-12-06 16:24:38,769 - INFO - Processed 12300 Cat images...
2024-12-06 16:24:39,105 - INFO - Processed 12400 Cat images...
2024-12-06 16:24:39,426 - INFO - Processed 12500 Cat images...
2024-12-06 16:24:39,431 - INFO - Cat dataset statistics:
2024-12-06 16:24:39,431 - INFO - - Total images: 12501
2024-12-06 16:24:39,431 - INFO - - Valid images: 12497
2024-12-06 16:24:39,431 - INFO - - Corrupted images: 4
2024-12-06 16:24:39,436 - INFO - Copying 9997 images to training set...
2024-12-06 16:24:41,463 - INFO - Copying 2500 images to test set...
2024-12-06 16:24:42,255 - INFO - 
Processing Dog images...
2024-12-06 16:24:42,704 - INFO - Processed 100 Dog images...
2024-12-06 16:24:43,159 - INFO - Processed 200 Dog images...
2024-12-06 16:24:43,586 - INFO - Processed 300 Dog images...
2024-12-06 16:24:43,990 - INFO - Processed 400 Dog images...
2024-12-06 16:24:44,323 - INFO - Processed 500 Dog images...
2024-12-06 16:24:44,635 - INFO - Processed 600 Dog images...
2024-12-06 16:24:44,933 - INFO - Processed 700 Dog images...
2024-12-06 16:24:45,251 - INFO - Processed 800 Dog images...
2024-12-06 16:24:45,635 - INFO - Processed 900 Dog images...
2024-12-06 16:24:45,962 - INFO - Processed 1000 Dog images...
2024-12-06 16:24:46,257 - INFO - Processed 1100 Dog images...
2024-12-06 16:24:46,539 - INFO - Processed 1200 Dog images...
2024-12-06 16:24:46,945 - INFO - Processed 1300 Dog images...
2024-12-06 16:24:47,423 - INFO - Processed 1400 Dog images...
2024-12-06 16:24:47,870 - INFO - Processed 1500 Dog images...
2024-12-06 16:24:48,269 - WARNING - Skipping /home/marcello/Documentos/Sites/PetClassifier/temp_download/PetImages/Dog/11686.jpg: File too small (<1KB)
2024-12-06 16:24:48,428 - INFO - Processed 1600 Dog images...
2024-12-06 16:24:48,814 - INFO - Processed 1700 Dog images...
2024-12-06 16:24:49,227 - INFO - Processed 1800 Dog images...
2024-12-06 16:24:49,743 - INFO - Processed 1900 Dog images...
2024-12-06 16:24:50,135 - INFO - Processed 2000 Dog images...
2024-12-06 16:24:50,608 - INFO - Processed 2100 Dog images...
2024-12-06 16:24:50,937 - INFO - Processed 2200 Dog images...
2024-12-06 16:24:51,280 - INFO - Processed 2300 Dog images...
2024-12-06 16:24:51,655 - INFO - Processed 2400 Dog images...
2024-12-06 16:24:52,061 - INFO - Processed 2500 Dog images...
2024-12-06 16:24:52,563 - INFO - Processed 2600 Dog images...
2024-12-06 16:24:53,066 - INFO - Processed 2700 Dog images...
2024-12-06 16:24:53,514 - INFO - Processed 2800 Dog images...
2024-12-06 16:24:53,867 - INFO - Processed 2900 Dog images...
2024-12-06 16:24:54,192 - INFO - Processed 3000 Dog images...
2024-12-06 16:24:54,487 - INFO - Processed 3100 Dog images...
2024-12-06 16:24:54,596 - WARNING - Skipping /home/marcello/Documentos/Sites/PetClassifier/temp_download/PetImages/Dog/Thumbs.db: Not a supported image format
2024-12-06 16:24:54,761 - INFO - Processed 3200 Dog images...
2024-12-06 16:24:55,114 - INFO - Processed 3300 Dog images...
2024-12-06 16:24:55,410 - INFO - Processed 3400 Dog images...
2024-12-06 16:24:55,696 - INFO - Processed 3500 Dog images...
2024-12-06 16:24:55,995 - INFO - Processed 3600 Dog images...
2024-12-06 16:24:56,368 - INFO - Processed 3700 Dog images...
2024-12-06 16:24:56,658 - INFO - Processed 3800 Dog images...
2024-12-06 16:24:56,868 - WARNING - Skipping /home/marcello/Documentos/Sites/PetClassifier/temp_download/PetImages/Dog/11702.jpg: File too small (<1KB)
2024-12-06 16:24:57,081 - INFO - Processed 3900 Dog images...
2024-12-06 16:24:57,497 - INFO - Processed 4000 Dog images...
2024-12-06 16:24:57,771 - INFO - Processed 4100 Dog images...
2024-12-06 16:24:58,117 - INFO - Processed 4200 Dog images...
2024-12-06 16:24:58,405 - INFO - Processed 4300 Dog images...
2024-12-06 16:24:58,687 - INFO - Processed 4400 Dog images...
2024-12-06 16:24:59,017 - INFO - Processed 4500 Dog images...
2024-12-06 16:24:59,314 - INFO - Processed 4600 Dog images...
2024-12-06 16:24:59,586 - INFO - Processed 4700 Dog images...
2024-12-06 16:24:59,999 - INFO - Processed 4800 Dog images...
2024-12-06 16:25:00,500 - INFO - Processed 4900 Dog images...
2024-12-06 16:25:01,007 - INFO - Processed 5000 Dog images...
2024-12-06 16:25:01,498 - INFO - Processed 5100 Dog images...
2024-12-06 16:25:01,978 - INFO - Processed 5200 Dog images...
2024-12-06 16:25:02,307 - INFO - Processed 5300 Dog images...
2024-12-06 16:25:02,588 - INFO - Processed 5400 Dog images...
2024-12-06 16:25:02,872 - INFO - Processed 5500 Dog images...
2024-12-06 16:25:03,333 - INFO - Processed 5600 Dog images...
2024-12-06 16:25:03,654 - INFO - Processed 5700 Dog images...
2024-12-06 16:25:03,925 - INFO - Processed 5800 Dog images...
2024-12-06 16:25:04,203 - INFO - Processed 5900 Dog images...
2024-12-06 16:25:04,596 - INFO - Processed 6000 Dog images...
2024-12-06 16:25:04,914 - INFO - Processed 6100 Dog images...
2024-12-06 16:25:05,198 - INFO - Processed 6200 Dog images...
2024-12-06 16:25:05,578 - INFO - Processed 6300 Dog images...
2024-12-06 16:25:05,917 - INFO - Processed 6400 Dog images...
2024-12-06 16:25:06,350 - INFO - Processed 6500 Dog images...
2024-12-06 16:25:06,703 - INFO - Processed 6600 Dog images...
2024-12-06 16:25:06,979 - INFO - Processed 6700 Dog images...
2024-12-06 16:25:07,336 - INFO - Processed 6800 Dog images...
2024-12-06 16:25:07,669 - INFO - Processed 6900 Dog images...
2024-12-06 16:25:08,120 - INFO - Processed 7000 Dog images...
2024-12-06 16:25:08,588 - INFO - Processed 7100 Dog images...
2024-12-06 16:25:08,941 - INFO - Processed 7200 Dog images...
2024-12-06 16:25:09,218 - INFO - Processed 7300 Dog images...
2024-12-06 16:25:09,504 - INFO - Processed 7400 Dog images...
2024-12-06 16:25:09,770 - INFO - Processed 7500 Dog images...
2024-12-06 16:25:10,120 - INFO - Processed 7600 Dog images...
2024-12-06 16:25:10,439 - INFO - Processed 7700 Dog images...
2024-12-06 16:25:10,741 - INFO - Processed 7800 Dog images...
2024-12-06 16:25:11,048 - INFO - Processed 7900 Dog images...
2024-12-06 16:25:11,450 - INFO - Processed 8000 Dog images...
2024-12-06 16:25:11,786 - INFO - Processed 8100 Dog images...
2024-12-06 16:25:12,276 - INFO - Processed 8200 Dog images...
2024-12-06 16:25:12,578 - INFO - Processed 8300 Dog images...
2024-12-06 16:25:12,898 - INFO - Processed 8400 Dog images...
2024-12-06 16:25:13,229 - INFO - Processed 8500 Dog images...
2024-12-06 16:25:13,606 - INFO - Processed 8600 Dog images...
2024-12-06 16:25:13,892 - INFO - Processed 8700 Dog images...
2024-12-06 16:25:14,200 - INFO - Processed 8800 Dog images...
2024-12-06 16:25:14,479 - INFO - Processed 8900 Dog images...
2024-12-06 16:25:14,774 - INFO - Processed 9000 Dog images...
2024-12-06 16:25:15,080 - INFO - Processed 9100 Dog images...
2024-12-06 16:25:15,485 - INFO - Processed 9200 Dog images...
2024-12-06 16:25:15,798 - INFO - Processed 9300 Dog images...
2024-12-06 16:25:16,091 - INFO - Processed 9400 Dog images...
2024-12-06 16:25:16,400 - INFO - Processed 9500 Dog images...
2024-12-06 16:25:16,705 - INFO - Processed 9600 Dog images...
2024-12-06 16:25:17,070 - INFO - Processed 9700 Dog images...
2024-12-06 16:25:17,382 - INFO - Processed 9800 Dog images...
2024-12-06 16:25:17,758 - INFO - Processed 9900 Dog images...
2024-12-06 16:25:18,103 - INFO - Processed 10000 Dog images...
2024-12-06 16:25:18,390 - INFO - Processed 10100 Dog images...
2024-12-06 16:25:18,693 - INFO - Processed 10200 Dog images...
2024-12-06 16:25:19,058 - INFO - Processed 10300 Dog images...
2024-12-06 16:25:19,377 - INFO - Processed 10400 Dog images...
2024-12-06 16:25:19,769 - INFO - Processed 10500 Dog images...
2024-12-06 16:25:20,103 - INFO - Processed 10600 Dog images...
2024-12-06 16:25:20,406 - INFO - Processed 10700 Dog images...
2024-12-06 16:25:20,697 - INFO - Processed 10800 Dog images...
2024-12-06 16:25:21,006 - INFO - Processed 10900 Dog images...
2024-12-06 16:25:21,305 - INFO - Processed 11000 Dog images...
2024-12-06 16:25:21,622 - INFO - Processed 11100 Dog images...
2024-12-06 16:25:21,934 - INFO - Processed 11200 Dog images...
2024-12-06 16:25:22,232 - INFO - Processed 11300 Dog images...
2024-12-06 16:25:22,633 - INFO - Processed 11400 Dog images...
2024-12-06 16:25:22,999 - INFO - Processed 11500 Dog images...
2024-12-06 16:25:23,319 - INFO - Processed 11600 Dog images...
2024-12-06 16:25:23,610 - INFO - Processed 11700 Dog images...
2024-12-06 16:25:24,038 - INFO - Processed 11800 Dog images...
2024-12-06 16:25:24,387 - INFO - Processed 11900 Dog images...
2024-12-06 16:25:24,668 - INFO - Processed 12000 Dog images...
2024-12-06 16:25:24,983 - INFO - Processed 12100 Dog images...
2024-12-06 16:25:25,282 - INFO - Processed 12200 Dog images...
2024-12-06 16:25:25,561 - INFO - Processed 12300 Dog images...
2024-12-06 16:25:25,864 - INFO - Processed 12400 Dog images...
2024-12-06 16:25:26,171 - INFO - Processed 12500 Dog images...
2024-12-06 16:25:26,175 - INFO - Dog dataset statistics:
2024-12-06 16:25:26,175 - INFO - - Total images: 12501
2024-12-06 16:25:26,175 - INFO - - Valid images: 12498
2024-12-06 16:25:26,175 - INFO - - Corrupted images: 3
2024-12-06 16:25:26,180 - INFO - Copying 9998 images to training set...
2024-12-06 16:25:28,517 - INFO - Copying 2500 images to test set...
2024-12-06 16:25:29,271 - INFO - 
Final dataset statistics:
2024-12-06 16:25:29,271 - INFO - Total images processed: 25002
2024-12-06 16:25:29,272 - INFO - Valid images: 24995
2024-12-06 16:25:29,272 - INFO - Corrupted images: 7
2024-12-06 16:25:29,272 - INFO - Valid image ratio: 99.97%
